  secret_sharing.cpp
C:\Users\ADuckart\source\repos\secret_sharing\secret_sharing\secret_sharing.cpp(13,16): warning C4477: 'printf' : format string '%s' requires an argument of type 'char *', but variadic argument 1 has type 'LPCWSTR'
C:\Users\ADuckart\source\repos\secret_sharing\secret_sharing\secret_sharing.cpp(13,16): message : consider using '%ls' in the format string
C:\Users\ADuckart\source\repos\secret_sharing\secret_sharing\secret_sharing.cpp(13,16): message : consider using '%lls' in the format string
C:\Users\ADuckart\source\repos\secret_sharing\secret_sharing\secret_sharing.cpp(13,16): message : consider using '%Ls' in the format string
C:\Users\ADuckart\source\repos\secret_sharing\secret_sharing\secret_sharing.cpp(13,16): message : consider using '%ws' in the format string
shamird.dll : warning LNK4003: invalid library format; library ignored
secret_sharing.obj : error LNK2019: unresolved external symbol __imp__CryptEncryptMessage@28 referenced in function "void __cdecl encMessage(struct _CRYPT_ENCRYPT_MESSAGE_PARA *,unsigned long,unsigned char const *,unsigned long,unsigned char *,unsigned long *)" (?encMessage@@YAXPAU_CRYPT_ENCRYPT_MESSAGE_PARA@@KPBEKPAEPAK@Z)
secret_sharing.obj : error LNK2019: unresolved external symbol __imp__CryptDecryptMessage@24 referenced in function "void __cdecl decMessage(struct _CRYPT_DECRYPT_MESSAGE_PARA *,unsigned char const *,unsigned long,unsigned char *,unsigned long *)" (?decMessage@@YAXPAU_CRYPT_DECRYPT_MESSAGE_PARA@@PBEKPAEPAK@Z)
secret_sharing.obj : error LNK2019: unresolved external symbol _BN_num_bits referenced in function _main
secret_sharing.obj : error LNK2019: unresolved external symbol _BN_new referenced in function _main
secret_sharing.obj : error LNK2019: unresolved external symbol _BN_secure_new referenced in function _main
secret_sharing.obj : error LNK2019: unresolved external symbol _BN_clear_free referenced in function _main
secret_sharing.obj : error LNK2019: unresolved external symbol _BN_bn2bin referenced in function _main
secret_sharing.obj : error LNK2019: unresolved external symbol _BN_free referenced in function _main
secret_sharing.obj : error LNK2019: unresolved external symbol _BN_get0_nist_prime_256 referenced in function _main
secret_sharing.obj : error LNK2019: unresolved external symbol _construct_polynom referenced in function _main
secret_sharing.obj : error LNK2019: unresolved external symbol _destruct_polynom referenced in function _main
secret_sharing.obj : error LNK2019: unresolved external symbol _share_secret referenced in function _main
secret_sharing.obj : error LNK2019: unresolved external symbol _restore_secret referenced in function _main
C:\Program Files\OpenSSL-Win64\lib\libcrypto.lib : warning LNK4272: library machine type 'x64' conflicts with target machine type 'x86'
C:\Users\ADuckart\source\repos\secret_sharing\Debug\secret_sharing.exe : fatal error LNK1120: 13 unresolved externals
